2021-08-18T00:29:20+00:00 NOTICE action_scheduler.queue_job :: MailChimp_WooCommerce_Cart_Update queued :: obj_id 870a355e719a217960e76ce7ac88752a
2021-08-18T00:30:36+00:00 NOTICE abandoned_cart.success :: email: pratzy@gmail.com :: checkout_url: https://weariton.dbsprojects.ie/wordpress/index.php/checkout/?mc_cart_id=870a355e719a217960e76ce7ac88752a
2021-08-18T00:30:37+00:00 NOTICE cart.member.updated :: Updated pratzy@gmail.com subscriber status to subscribed and language to en
2021-08-18T00:33:25+00:00 NOTICE action_scheduler.queue_job :: MailChimp_WooCommerce_Single_Order starts in 90 seconds :: obj_id 3047
2021-08-18T00:33:30+00:00 NOTICE debug :: Order ID 3047 was pending and is now processing :: Array
(
    [new_order] => 1
    [tracking] => Array
        (
            [campaign_id] => 
            [landing_site] => https://weariton.dbsprojects.ie/wordpress/wordpress/index.php/checkout/order-received/3044/?key=wc_order_8b59FSweSmAnx
        )

)

2021-08-18T00:36:11+00:00 NOTICE order.member.updated :: Updated pratzy@gmail.com subscriber status to subscribed and language to en
2021-08-18T00:36:11+00:00 NOTICE order_submit.success :: addStoreOrder :: #3047 :: email: pratzy@gmail.com :: landing site https://weariton.dbsprojects.ie/wordpress/wordpress/index.php/checkout/order-received/3044/?key=wc_order_8b59FSweSmAnx :: abandoned cart deleted [870a355e719a217960e76ce7ac88752a]
2021-08-18T00:39:19+00:00 NOTICE action_scheduler.queue_job :: MailChimp_WooCommerce_Single_Order starts in 90 seconds :: obj_id 3047
2021-08-18T00:39:31+00:00 NOTICE debug :: Order ID 3047 was processing and is now completed :: Array
(
    [new_order] => 
    [tracking] => 
)

2021-08-18T00:44:41+00:00 NOTICE order.member.updated :: Updated pratzy@gmail.com subscriber status to subscribed and language to 
2021-08-18T00:44:41+00:00 NOTICE order_submit.success :: updateStoreOrder :: #3047 :: email: pratzy@gmail.com
2021-08-18T02:10:43+00:00 NOTICE action_scheduler.queue_job :: MailChimp_WooCommerce_Single_Order starts in 90 seconds :: obj_id 3038
2021-08-18T02:10:49+00:00 NOTICE debug :: Order ID 3038 was processing and is now refunded :: Array
(
    [new_order] => 
    [tracking] => 
)

2021-08-18T02:12:29+00:00 NOTICE order.member.updated :: Updated prasadkavitkar98d@gmail.com subscriber status to transactional and language to 
2021-08-18T02:12:29+00:00 NOTICE order_submit.success :: addStoreOrder :: #3038 :: email: prasadkavitkar98d@gmail.com :: landing site https://weariton.dbsprojects.ie/wordpress/wordpress/wp-admin/admin-ajax.php
